Using pre-set license
Built from '2021.3/staging' branch; Version is '2021.3.24f1 (cf10dcf7010d) revision 13570268'; Using compiler version '192829333'; Build Type 'Release'
OS: 'Windows 11  (10.0.22621) 64bit Core' Language: 'en' Physical Memory: 16245 MB
BatchMode: 1, IsHumanControllingUs: 0, StartBugReporterOnCrash: 0, Is64bit: 1, IsPro: 1

COMMAND LINE ARGUMENTS:
C:\Program Files\Unity\Hub\Editor\2021.3.24f1\Editor\Unity.exe
-adb2
-batchMode
-noUpm
-name
AssetImportWorker0
-projectPath
C:/Users/julia/Documents/LiU/00/osb3d/OSB3D
-logFile
Logs/AssetImportWorker0.log
-srvPort
54430
Successfully changed project path to: C:/Users/julia/Documents/LiU/00/osb3d/OSB3D
C:/Users/julia/Documents/LiU/00/osb3d/OSB3D
[UnityMemory] Configuration Parameters - Can be set up in boot.config
    "memorysetup-bucket-allocator-granularity=16"
    "memorysetup-bucket-allocator-bucket-count=8"
    "memorysetup-bucket-allocator-block-size=33554432"
    "memorysetup-bucket-allocator-block-count=8"
    "memorysetup-main-allocator-block-size=16777216"
    "memorysetup-thread-allocator-block-size=16777216"
    "memorysetup-gfx-main-allocator-block-size=16777216"
    "memorysetup-gfx-thread-allocator-block-size=16777216"
    "memorysetup-cache-allocator-block-size=4194304"
    "memorysetup-typetree-allocator-block-size=2097152"
    "memorysetup-profiler-bucket-allocator-granularity=16"
    "memorysetup-profiler-bucket-allocator-bucket-count=8"
    "memorysetup-profiler-bucket-allocator-block-size=33554432"
    "memorysetup-profiler-bucket-allocator-block-count=8"
    "memorysetup-profiler-allocator-block-size=16777216"
    "memorysetup-profiler-editor-allocator-block-size=1048576"
    "memorysetup-temp-allocator-size-main=16777216"
    "memorysetup-job-temp-allocator-block-size=2097152"
    "memorysetup-job-temp-allocator-block-size-background=1048576"
    "memorysetup-job-temp-allocator-reduction-small-platforms=262144"
    "memorysetup-temp-allocator-size-background-worker=32768"
    "memorysetup-temp-allocator-size-job-worker=262144"
    "memorysetup-temp-allocator-size-preload-manager=33554432"
    "memorysetup-temp-allocator-size-nav-mesh-worker=65536"
    "memorysetup-temp-allocator-size-audio-worker=65536"
    "memorysetup-temp-allocator-size-cloud-worker=32768"
    "memorysetup-temp-allocator-size-gi-baking-worker=262144"
    "memorysetup-temp-allocator-size-gfx=262144"
Player connection [22408] Host "[IP] 192.168.0.4 [Port] 0 [Flags] 2 [Guid] 3143680682 [EditorId] 3143680682 [Version] 1048832 [Id] WindowsEditor(7,Julias) [Debug] 1 [PackageName] WindowsEditor [ProjectName] Editor" joined multi-casting on [225.0.0.222:54997]...

Player connection [22408] Host "[IP] 192.168.0.4 [Port] 0 [Flags] 2 [Guid] 3143680682 [EditorId] 3143680682 [Version] 1048832 [Id] WindowsEditor(7,Julias) [Debug] 1 [PackageName] WindowsEditor [ProjectName] Editor" joined alternative multi-casting on [225.0.0.222:34997]...

Refreshing native plugins compatible for Editor in 78.05 ms, found 3 plugins.
Preloading 0 native plugins for Editor in 0.00 ms.
Initialize engine version: 2021.3.24f1 (cf10dcf7010d)
[Subsystems] Discovering subsystems at path C:/Program Files/Unity/Hub/Editor/2021.3.24f1/Editor/Data/Resources/UnitySubsystems
[Subsystems] Discovering subsystems at path C:/Users/julia/Documents/LiU/00/osb3d/OSB3D/Assets
GfxDevice: creating device client; threaded=0; jobified=0
Direct3D:
    Version:  Direct3D 11.0 [level 11.1]
    Renderer: NVIDIA GeForce RTX 2060 (ID=0x1f15)
    Vendor:   NVIDIA
    VRAM:     5980 MB
    Driver:   30.0.14.7151
Initialize mono
Mono path[0] = 'C:/Program Files/Unity/Hub/Editor/2021.3.24f1/Editor/Data/Managed'
Mono path[1] = 'C:/Program Files/Unity/Hub/Editor/2021.3.24f1/Editor/Data/MonoBleedingEdge/lib/mono/unityjit-win32'
Mono config path = 'C:/Program Files/Unity/Hub/Editor/2021.3.24f1/Editor/Data/MonoBleedingEdge/etc'
Using monoOptions --debugger-agent=transport=dt_socket,embedding=1,server=y,suspend=n,address=127.0.0.1:56244
Begin MonoManager ReloadAssembly
Registering precompiled unity dll's ...
Register platform support module: C:/Program Files/Unity/Hub/Editor/2021.3.24f1/Editor/Data/PlaybackEngines/WebGLSupport/UnityEditor.WebGL.Extensions.dll
Register platform support module: C:/Program Files/Unity/Hub/Editor/2021.3.24f1/Editor/Data/PlaybackEngines/MacStandaloneSupport/UnityEditor.OSXStandalone.Extensions.dll
Register platform support module: C:/Program Files/Unity/Hub/Editor/2021.3.24f1/Editor/Data/PlaybackEngines/AndroidPlayer/UnityEditor.Android.Extensions.dll
Register platform support module: C:/Program Files/Unity/Hub/Editor/2021.3.24f1/Editor/Data/PlaybackEngines/iOSSupport/UnityEditor.iOS.Extensions.dll
Register platform support module: C:/Program Files/Unity/Hub/Editor/2021.3.24f1/Editor/Data/PlaybackEngines/AppleTVSupport/UnityEditor.AppleTV.Extensions.dll
Register platform support module: C:/Program Files/Unity/Hub/Editor/2021.3.24f1/Editor/Data/PlaybackEngines/WindowsStandaloneSupport/UnityEditor.WindowsStandalone.Extensions.dll
Register platform support module: C:/Program Files/Unity/Hub/Editor/2021.3.24f1/Editor/Data/PlaybackEngines/LinuxStandaloneSupport/UnityEditor.LinuxStandalone.Extensions.dll
Register platform support module: C:/Program Files/Unity/Hub/Editor/2021.3.24f1/Editor/Data/PlaybackEngines/MetroSupport/UnityEditor.UWP.Extensions.dll
Registered in 0.008016 seconds.
Native extension for UWP target not found
Native extension for LinuxStandalone target not found
Native extension for WindowsStandalone target not found
[usbmuxd] Start listen thread
[usbmuxd] Listen thread started
Native extension for AppleTV target not found
[usbmuxd] Start listen thread
[usbmuxd] Listen thread started
Native extension for iOS target not found
Native extension for Android target not found
Android Extension - Scanning For ADB Devices 191 ms
Native extension for OSXStandalone target not found
Native extension for WebGL target not found
Refreshing native plugins compatible for Editor in 72.60 ms, found 3 plugins.
Preloading 0 native plugins for Editor in 0.00 ms.
Mono: successfully reloaded assembly
- Completed reload, in  0.844 seconds
Domain Reload Profiling:
	ReloadAssembly (845ms)
		BeginReloadAssembly (83ms)
			ExecutionOrderSort (0ms)
			DisableScriptedObjects (0ms)
			BackupInstance (0ms)
			ReleaseScriptingObjects (0ms)
			CreateAndSetChildDomain (1ms)
		EndReloadAssembly (667ms)
			LoadAssemblies (82ms)
			RebuildTransferFunctionScriptingTraits (0ms)
			SetupTypeCache (103ms)
			ReleaseScriptCaches (0ms)
			RebuildScriptCaches (28ms)
			SetupLoadedEditorAssemblies (484ms)
				LogAssemblyErrors (0ms)
				InitializePlatformSupportModulesInManaged (282ms)
				SetLoadedEditorAssemblies (0ms)
				RefreshPlugins (73ms)
				BeforeProcessingInitializeOnLoad (1ms)
				ProcessInitializeOnLoadAttributes (84ms)
				ProcessInitializeOnLoadMethodAttributes (43ms)
				AfterProcessingInitializeOnLoad (0ms)
				EditorAssembliesLoaded (0ms)
			ExecutionOrderSort2 (0ms)
			AwakeInstancesAfterBackupRestoration (0ms)
Platform modules already initialized, skipping
Registering precompiled user dll's ...
Registered in 0.004691 seconds.
Begin MonoManager ReloadAssembly
Symbol file LoadedFromMemory doesn't match image C:\Users\julia\Documents\LiU\00\osb3d\OSB3D\Library\PackageCache\com.unity.visualscripting@1.8.0\Editor\VisualScripting.Core\Dependencies\YamlDotNet\Unity.VisualScripting.YamlDotNet.dll
Symbol file LoadedFromMemory doesn't match image C:\Users\julia\Documents\LiU\00\osb3d\OSB3D\Library\PackageCache\com.unity.visualscripting@1.8.0\Editor\VisualScripting.Core\Dependencies\DotNetZip\Unity.VisualScripting.IonicZip.dll
Native extension for UWP target not found
Native extension for LinuxStandalone target not found
Native extension for WindowsStandalone target not found
Native extension for AppleTV target not found
Native extension for iOS target not found
Native extension for Android target not found
Native extension for OSXStandalone target not found
Native extension for WebGL target not found
Refreshing native plugins compatible for Editor in 0.43 ms, found 3 plugins.
Preloading 0 native plugins for Editor in 0.00 ms.
Mono: successfully reloaded assembly
- Completed reload, in  0.938 seconds
Domain Reload Profiling:
	ReloadAssembly (939ms)
		BeginReloadAssembly (114ms)
			ExecutionOrderSort (0ms)
			DisableScriptedObjects (6ms)
			BackupInstance (0ms)
			ReleaseScriptingObjects (0ms)
			CreateAndSetChildDomain (18ms)
		EndReloadAssembly (730ms)
			LoadAssemblies (88ms)
			RebuildTransferFunctionScriptingTraits (0ms)
			SetupTypeCache (252ms)
			ReleaseScriptCaches (1ms)
			RebuildScriptCaches (46ms)
			SetupLoadedEditorAssemblies (305ms)
				LogAssemblyErrors (0ms)
				InitializePlatformSupportModulesInManaged (35ms)
				SetLoadedEditorAssemblies (0ms)
				RefreshPlugins (1ms)
				BeforeProcessingInitializeOnLoad (74ms)
				ProcessInitializeOnLoadAttributes (170ms)
				ProcessInitializeOnLoadMethodAttributes (18ms)
				AfterProcessingInitializeOnLoad (6ms)
				EditorAssembliesLoaded (0ms)
			ExecutionOrderSort2 (0ms)
			AwakeInstancesAfterBackupRestoration (5ms)
Platform modules already initialized, skipping
========================================================================
Worker process is ready to serve import requests
Launched and connected shader compiler UnityShaderCompiler.exe after 0.03 seconds
Refreshing native plugins compatible for Editor in 0.44 ms, found 3 plugins.
Preloading 0 native plugins for Editor in 0.00 ms.
Unloading 3060 Unused Serialized files (Serialized files now loaded: 0)
Unloading 24 unused Assets / (113.8 KB). Loaded Objects now: 3538.
Memory consumption went from 120.9 MB to 120.8 MB.
Total: 2.622200 ms (FindLiveObjects: 0.235900 ms CreateObjectMapping: 0.204900 ms MarkObjects: 2.082800 ms  DeleteObjects: 0.097800 ms)

AssetImportParameters requested are different than current active one (requested -> active):
  custom:video-decoder-ogg-theora: a1e56fd34408186e4bbccfd4996cb3dc -> 
  custom:container-muxer-webm: aa71ff27fc2769a1b78a27578f13a17b -> 
  custom:container-demuxer-webm: 4f35f7cbe854078d1ac9338744f61a02 -> 
  custom:video-encoder-webm-vp8: eb34c28f22e8b96e1ab97ce403110664 -> 
  custom:audio-encoder-webm-vorbis: bf7c407c2cedff20999df2af8eb42d56 -> 
  custom:framework-win-MediaFoundation: 216162199b28c13a410421893ffa2e32 -> 
  custom:container-demuxer-ogg: 62fdf1f143b41e24485cea50d1cbac27 -> 
  custom:video-decoder-webm-vp8: 9c59270c3fd7afecdb556c50c9e8de78 -> 
  custom:audio-decoder-ogg-vorbis: bf7c407c2cedff20999df2af8eb42d56 -> 
========================================================================
Received Import Request.
  Time since last request: 507176.677535 seconds.
  path: Assets/Materials/Buildings/Facade/PlasterYellow2K 1.mat
  artifactKey: Guid(ebdbab90246681f4691c29a5f379623c) Importer(815301076,1909f56bfc062723c751e8b465ee728b)
Start importing Assets/Materials/Buildings/Facade/PlasterYellow2K 1.mat using Guid(ebdbab90246681f4691c29a5f379623c) Importer(815301076,1909f56bfc062723c751e8b465ee728b)  -> (artifact id: 'c623fef8c133bef911bba1b0ead5848e') in 0.120111 seconds 
========================================================================
Received Import Request.
  Time since last request: 43.903627 seconds.
  path: Assets/Materials/Buildings/Facade/PlasterOrange2K.mat
  artifactKey: Guid(ebdbab90246681f4691c29a5f379623c) Importer(815301076,1909f56bfc062723c751e8b465ee728b)
Start importing Assets/Materials/Buildings/Facade/PlasterOrange2K.mat using Guid(ebdbab90246681f4691c29a5f379623c) Importer(815301076,1909f56bfc062723c751e8b465ee728b)  -> (artifact id: '7a28cacc47c59d878679962a5765c0b1') in 0.014932 seconds 
========================================================================
Received Import Request.
  Time since last request: 28.460665 seconds.
  path: Assets/Prefabs/Buildings/BCC30/BCC30_F06_01.prefab
  artifactKey: Guid(48159c88920bf1b4a8f21733ab1e4184) Importer(815301076,1909f56bfc062723c751e8b465ee728b)
Start importing Assets/Prefabs/Buildings/BCC30/BCC30_F06_01.prefab using Guid(48159c88920bf1b4a8f21733ab1e4184) Importer(815301076,1909f56bfc062723c751e8b465ee728b)  -> (artifact id: 'edae0d57fa5872eed1c25e053e24efc4') in 0.061115 seconds 
========================================================================
Received Import Request.
  Time since last request: 0.000028 seconds.
  path: Assets/Prefabs/Buildings/BR20/BR20_F05_01.prefab
  artifactKey: Guid(f8af6e6806d6618478068c37766d7c04) Importer(815301076,1909f56bfc062723c751e8b465ee728b)
Start importing Assets/Prefabs/Buildings/BR20/BR20_F05_01.prefab using Guid(f8af6e6806d6618478068c37766d7c04) Importer(815301076,1909f56bfc062723c751e8b465ee728b)  -> (artifact id: '450d42e3cd115544e43b137750f529ad') in 0.024698 seconds 
========================================================================
Received Import Request.
  Time since last request: 0.000017 seconds.
  path: Assets/Prefabs/Buildings/BR40/BR40_F04_01.prefab
  artifactKey: Guid(d95538daae09a9e4bb64fe07ddadd34a) Importer(815301076,1909f56bfc062723c751e8b465ee728b)
Start importing Assets/Prefabs/Buildings/BR40/BR40_F04_01.prefab using Guid(d95538daae09a9e4bb64fe07ddadd34a) Importer(815301076,1909f56bfc062723c751e8b465ee728b)  -> (artifact id: 'b11e92a8a5aacf326dc5b4bbfc63d961') in 0.018915 seconds 
========================================================================
Received Import Request.
  Time since last request: 0.000023 seconds.
  path: Assets/Prefabs/Buildings/BCS40/BCS40_F07_01.prefab
  artifactKey: Guid(680176a3b349e8044b1b76b59026560d) Importer(815301076,1909f56bfc062723c751e8b465ee728b)
Start importing Assets/Prefabs/Buildings/BCS40/BCS40_F07_01.prefab using Guid(680176a3b349e8044b1b76b59026560d) Importer(815301076,1909f56bfc062723c751e8b465ee728b)  -> (artifact id: 'b24ab18e88037d5b3231dde3177a6b3e') in 0.030679 seconds 
========================================================================
Received Import Request.
  Time since last request: 0.000028 seconds.
  path: Assets/Prefabs/Buildings/BRV20/BRV20_F06_01.prefab
  artifactKey: Guid(038eb95d49300054ea1e553f9c1f0726) Importer(815301076,1909f56bfc062723c751e8b465ee728b)
Start importing Assets/Prefabs/Buildings/BRV20/BRV20_F06_01.prefab using Guid(038eb95d49300054ea1e553f9c1f0726) Importer(815301076,1909f56bfc062723c751e8b465ee728b)  -> (artifact id: 'b01f83a8951b25ef0c60fc74908dd853') in 0.024543 seconds 
========================================================================
Received Import Request.
  Time since last request: 0.000027 seconds.
  path: Assets/Prefabs/Buildings/BR20/BR20_F06_01.prefab
  artifactKey: Guid(484057c88fbf3554e9a07d6743d204bf) Importer(815301076,1909f56bfc062723c751e8b465ee728b)
Start importing Assets/Prefabs/Buildings/BR20/BR20_F06_01.prefab using Guid(484057c88fbf3554e9a07d6743d204bf) Importer(815301076,1909f56bfc062723c751e8b465ee728b)  -> (artifact id: 'd51ec3eb4c07f4b760359bf8264794ac') in 0.025876 seconds 
========================================================================
Received Import Request.
  Time since last request: 0.000033 seconds.
  path: Assets/Prefabs/Buildings/BR20/BR20_F05_02.prefab
  artifactKey: Guid(9f75926d6aaff374c87f019eb1df9f1f) Importer(815301076,1909f56bfc062723c751e8b465ee728b)
Start importing Assets/Prefabs/Buildings/BR20/BR20_F05_02.prefab using Guid(9f75926d6aaff374c87f019eb1df9f1f) Importer(815301076,1909f56bfc062723c751e8b465ee728b)  -> (artifact id: 'c4a4099c8b7134a566dc09fdf103da02') in 0.021966 seconds 
========================================================================
Received Import Request.
  Time since last request: 0.000019 seconds.
  path: Assets/Prefabs/Buildings/BCS40/BCS40_F06_01.prefab
  artifactKey: Guid(e187e700e5aa4b04eb39b51a4ae01bf1) Importer(815301076,1909f56bfc062723c751e8b465ee728b)
Start importing Assets/Prefabs/Buildings/BCS40/BCS40_F06_01.prefab using Guid(e187e700e5aa4b04eb39b51a4ae01bf1) Importer(815301076,1909f56bfc062723c751e8b465ee728b)  -> (artifact id: 'bf06d5ced1ae1340fd05cce8ce34a426') in 0.017655 seconds 
========================================================================
Received Import Request.
  Time since last request: 0.000026 seconds.
  path: Assets/Prefabs/Buildings/BR20/BR20_F04_01.prefab
  artifactKey: Guid(e404e2247bff5be4d88b50edbb67afa5) Importer(815301076,1909f56bfc062723c751e8b465ee728b)
Start importing Assets/Prefabs/Buildings/BR20/BR20_F04_01.prefab using Guid(e404e2247bff5be4d88b50edbb67afa5) Importer(815301076,1909f56bfc062723c751e8b465ee728b)  -> (artifact id: '3ef9218468a01a8b249302b9c6bba325') in 0.016615 seconds 
========================================================================
Received Import Request.
  Time since last request: 0.000023 seconds.
  path: Assets/Prefabs/Buildings/BD20/BD20_F03_01.prefab
  artifactKey: Guid(9330ac86de5d5a543bd4e69bb19526d5) Importer(815301076,1909f56bfc062723c751e8b465ee728b)
Start importing Assets/Prefabs/Buildings/BD20/BD20_F03_01.prefab using Guid(9330ac86de5d5a543bd4e69bb19526d5) Importer(815301076,1909f56bfc062723c751e8b465ee728b)  -> (artifact id: 'e45118ea4c0fa5f3c177c4040f8aec3f') in 0.016012 seconds 
========================================================================
Received Import Request.
  Time since last request: 0.000025 seconds.
  path: Assets/Prefabs/Buildings/BCS30/BCS30_F07_01.prefab
  artifactKey: Guid(7919813a000983442b0a2be640a2a9fd) Importer(815301076,1909f56bfc062723c751e8b465ee728b)
Start importing Assets/Prefabs/Buildings/BCS30/BCS30_F07_01.prefab using Guid(7919813a000983442b0a2be640a2a9fd) Importer(815301076,1909f56bfc062723c751e8b465ee728b)  -> (artifact id: '0c796878535a5238afe6e4280f71dde0') in 0.017719 seconds 
========================================================================
Received Import Request.
  Time since last request: 0.000024 seconds.
  path: Assets/Prefabs/Buildings/BP10/BP10_F01_01.prefab
  artifactKey: Guid(09341900b372b3e42957544536ac895c) Importer(815301076,1909f56bfc062723c751e8b465ee728b)
Start importing Assets/Prefabs/Buildings/BP10/BP10_F01_01.prefab using Guid(09341900b372b3e42957544536ac895c) Importer(815301076,1909f56bfc062723c751e8b465ee728b)  -> (artifact id: 'a2f37e3353172c5043c2b0625b05eea6') in 0.015367 seconds 
Editor requested this worker to shutdown with reason: Scaling down because of idle timeout
AssetImportWorker is now disconnected from the server
Process exiting
Exiting without the bug reporter. Application will terminate with return code 0