Using pre-set license
Built from '2021.3/staging' branch; Version is '2021.3.24f1 (cf10dcf7010d) revision 13570268'; Using compiler version '192829333'; Build Type 'Release'
OS: 'Windows 11  (10.0.22621) 64bit Core' Language: 'en' Physical Memory: 16245 MB
BatchMode: 1, IsHumanControllingUs: 0, StartBugReporterOnCrash: 0, Is64bit: 1, IsPro: 1

COMMAND LINE ARGUMENTS:
C:\Program Files\Unity\Hub\Editor\2021.3.24f1\Editor\Unity.exe
-adb2
-batchMode
-noUpm
-name
AssetImportWorker2
-projectPath
C:/Users/julia/Documents/LiU/00/osb3d/OSB3D
-logFile
Logs/AssetImportWorker2.log
-srvPort
57731
Successfully changed project path to: C:/Users/julia/Documents/LiU/00/osb3d/OSB3D
C:/Users/julia/Documents/LiU/00/osb3d/OSB3D
[UnityMemory] Configuration Parameters - Can be set up in boot.config
    "memorysetup-bucket-allocator-granularity=16"
    "memorysetup-bucket-allocator-bucket-count=8"
    "memorysetup-bucket-allocator-block-size=33554432"
    "memorysetup-bucket-allocator-block-count=8"
    "memorysetup-main-allocator-block-size=16777216"
    "memorysetup-thread-allocator-block-size=16777216"
    "memorysetup-gfx-main-allocator-block-size=16777216"
    "memorysetup-gfx-thread-allocator-block-size=16777216"
    "memorysetup-cache-allocator-block-size=4194304"
    "memorysetup-typetree-allocator-block-size=2097152"
    "memorysetup-profiler-bucket-allocator-granularity=16"
    "memorysetup-profiler-bucket-allocator-bucket-count=8"
    "memorysetup-profiler-bucket-allocator-block-size=33554432"
    "memorysetup-profiler-bucket-allocator-block-count=8"
    "memorysetup-profiler-allocator-block-size=16777216"
    "memorysetup-profiler-editor-allocator-block-size=1048576"
    "memorysetup-temp-allocator-size-main=16777216"
    "memorysetup-job-temp-allocator-block-size=2097152"
    "memorysetup-job-temp-allocator-block-size-background=1048576"
    "memorysetup-job-temp-allocator-reduction-small-platforms=262144"
    "memorysetup-temp-allocator-size-background-worker=32768"
    "memorysetup-temp-allocator-size-job-worker=262144"
    "memorysetup-temp-allocator-size-preload-manager=33554432"
    "memorysetup-temp-allocator-size-nav-mesh-worker=65536"
    "memorysetup-temp-allocator-size-audio-worker=65536"
    "memorysetup-temp-allocator-size-cloud-worker=32768"
    "memorysetup-temp-allocator-size-gi-baking-worker=262144"
    "memorysetup-temp-allocator-size-gfx=262144"
Player connection [19332] Host "[IP] 192.168.0.4 [Port] 0 [Flags] 2 [Guid] 3103574170 [EditorId] 3103574170 [Version] 1048832 [Id] WindowsEditor(7,Julias) [Debug] 1 [PackageName] WindowsEditor [ProjectName] Editor" joined multi-casting on [225.0.0.222:54997]...

Player connection [19332] Host "[IP] 192.168.0.4 [Port] 0 [Flags] 2 [Guid] 3103574170 [EditorId] 3103574170 [Version] 1048832 [Id] WindowsEditor(7,Julias) [Debug] 1 [PackageName] WindowsEditor [ProjectName] Editor" joined alternative multi-casting on [225.0.0.222:34997]...

Refreshing native plugins compatible for Editor in 74.83 ms, found 3 plugins.
Preloading 0 native plugins for Editor in 0.00 ms.
Initialize engine version: 2021.3.24f1 (cf10dcf7010d)
[Subsystems] Discovering subsystems at path C:/Program Files/Unity/Hub/Editor/2021.3.24f1/Editor/Data/Resources/UnitySubsystems
[Subsystems] Discovering subsystems at path C:/Users/julia/Documents/LiU/00/osb3d/OSB3D/Assets
GfxDevice: creating device client; threaded=0; jobified=0
Direct3D:
    Version:  Direct3D 11.0 [level 11.1]
    Renderer: NVIDIA GeForce RTX 2060 (ID=0x1f15)
    Vendor:   NVIDIA
    VRAM:     5980 MB
    Driver:   30.0.14.7151
Initialize mono
Mono path[0] = 'C:/Program Files/Unity/Hub/Editor/2021.3.24f1/Editor/Data/Managed'
Mono path[1] = 'C:/Program Files/Unity/Hub/Editor/2021.3.24f1/Editor/Data/MonoBleedingEdge/lib/mono/unityjit-win32'
Mono config path = 'C:/Program Files/Unity/Hub/Editor/2021.3.24f1/Editor/Data/MonoBleedingEdge/etc'
Using monoOptions --debugger-agent=transport=dt_socket,embedding=1,server=y,suspend=n,address=127.0.0.1:56104
Begin MonoManager ReloadAssembly
Registering precompiled unity dll's ...
Register platform support module: C:/Program Files/Unity/Hub/Editor/2021.3.24f1/Editor/Data/PlaybackEngines/WebGLSupport/UnityEditor.WebGL.Extensions.dll
Register platform support module: C:/Program Files/Unity/Hub/Editor/2021.3.24f1/Editor/Data/PlaybackEngines/MacStandaloneSupport/UnityEditor.OSXStandalone.Extensions.dll
Register platform support module: C:/Program Files/Unity/Hub/Editor/2021.3.24f1/Editor/Data/PlaybackEngines/AndroidPlayer/UnityEditor.Android.Extensions.dll
Register platform support module: C:/Program Files/Unity/Hub/Editor/2021.3.24f1/Editor/Data/PlaybackEngines/iOSSupport/UnityEditor.iOS.Extensions.dll
Register platform support module: C:/Program Files/Unity/Hub/Editor/2021.3.24f1/Editor/Data/PlaybackEngines/AppleTVSupport/UnityEditor.AppleTV.Extensions.dll
Register platform support module: C:/Program Files/Unity/Hub/Editor/2021.3.24f1/Editor/Data/PlaybackEngines/WindowsStandaloneSupport/UnityEditor.WindowsStandalone.Extensions.dll
Register platform support module: C:/Program Files/Unity/Hub/Editor/2021.3.24f1/Editor/Data/PlaybackEngines/LinuxStandaloneSupport/UnityEditor.LinuxStandalone.Extensions.dll
Register platform support module: C:/Program Files/Unity/Hub/Editor/2021.3.24f1/Editor/Data/PlaybackEngines/MetroSupport/UnityEditor.UWP.Extensions.dll
Registered in 0.010361 seconds.
Native extension for UWP target not found
Native extension for LinuxStandalone target not found
Native extension for WindowsStandalone target not found
[usbmuxd] Start listen thread
[usbmuxd] Listen thread started
Native extension for AppleTV target not found
[usbmuxd] Start listen thread
[usbmuxd] Listen thread started
Native extension for iOS target not found
Native extension for Android target not found
Android Extension - Scanning For ADB Devices 229 ms
Native extension for OSXStandalone target not found
Native extension for WebGL target not found
Refreshing native plugins compatible for Editor in 70.38 ms, found 3 plugins.
Preloading 0 native plugins for Editor in 0.00 ms.
Mono: successfully reloaded assembly
- Completed reload, in  0.881 seconds
Domain Reload Profiling:
	ReloadAssembly (882ms)
		BeginReloadAssembly (79ms)
			ExecutionOrderSort (0ms)
			DisableScriptedObjects (0ms)
			BackupInstance (0ms)
			ReleaseScriptingObjects (0ms)
			CreateAndSetChildDomain (1ms)
		EndReloadAssembly (704ms)
			LoadAssemblies (80ms)
			RebuildTransferFunctionScriptingTraits (0ms)
			SetupTypeCache (104ms)
			ReleaseScriptCaches (0ms)
			RebuildScriptCaches (26ms)
			SetupLoadedEditorAssemblies (525ms)
				LogAssemblyErrors (0ms)
				InitializePlatformSupportModulesInManaged (323ms)
				SetLoadedEditorAssemblies (1ms)
				RefreshPlugins (70ms)
				BeforeProcessingInitializeOnLoad (1ms)
				ProcessInitializeOnLoadAttributes (89ms)
				ProcessInitializeOnLoadMethodAttributes (40ms)
				AfterProcessingInitializeOnLoad (0ms)
				EditorAssembliesLoaded (0ms)
			ExecutionOrderSort2 (0ms)
			AwakeInstancesAfterBackupRestoration (0ms)
Platform modules already initialized, skipping
Registering precompiled user dll's ...
Registered in 0.005797 seconds.
Begin MonoManager ReloadAssembly
Symbol file LoadedFromMemory doesn't match image C:\Users\julia\Documents\LiU\00\osb3d\OSB3D\Library\PackageCache\com.unity.visualscripting@1.8.0\Editor\VisualScripting.Core\Dependencies\YamlDotNet\Unity.VisualScripting.YamlDotNet.dll
Symbol file LoadedFromMemory doesn't match image C:\Users\julia\Documents\LiU\00\osb3d\OSB3D\Library\PackageCache\com.unity.visualscripting@1.8.0\Editor\VisualScripting.Core\Dependencies\DotNetZip\Unity.VisualScripting.IonicZip.dll
Native extension for UWP target not found
Native extension for LinuxStandalone target not found
Native extension for WindowsStandalone target not found
Native extension for AppleTV target not found
Native extension for iOS target not found
Native extension for Android target not found
Native extension for OSXStandalone target not found
Native extension for WebGL target not found
Refreshing native plugins compatible for Editor in 0.49 ms, found 3 plugins.
Preloading 0 native plugins for Editor in 0.00 ms.
Mono: successfully reloaded assembly
- Completed reload, in  0.998 seconds
Domain Reload Profiling:
	ReloadAssembly (999ms)
		BeginReloadAssembly (117ms)
			ExecutionOrderSort (0ms)
			DisableScriptedObjects (6ms)
			BackupInstance (0ms)
			ReleaseScriptingObjects (0ms)
			CreateAndSetChildDomain (18ms)
		EndReloadAssembly (784ms)
			LoadAssemblies (93ms)
			RebuildTransferFunctionScriptingTraits (0ms)
			SetupTypeCache (266ms)
			ReleaseScriptCaches (1ms)
			RebuildScriptCaches (49ms)
			SetupLoadedEditorAssemblies (333ms)
				LogAssemblyErrors (0ms)
				InitializePlatformSupportModulesInManaged (38ms)
				SetLoadedEditorAssemblies (0ms)
				RefreshPlugins (1ms)
				BeforeProcessingInitializeOnLoad (74ms)
				ProcessInitializeOnLoadAttributes (190ms)
				ProcessInitializeOnLoadMethodAttributes (22ms)
				AfterProcessingInitializeOnLoad (8ms)
				EditorAssembliesLoaded (0ms)
			ExecutionOrderSort2 (0ms)
			AwakeInstancesAfterBackupRestoration (7ms)
Platform modules already initialized, skipping
========================================================================
Worker process is ready to serve import requests
Launched and connected shader compiler UnityShaderCompiler.exe after 0.03 seconds
Refreshing native plugins compatible for Editor in 0.56 ms, found 3 plugins.
Preloading 0 native plugins for Editor in 0.00 ms.
Unloading 3059 Unused Serialized files (Serialized files now loaded: 0)
Unloading 24 unused Assets / (113.9 KB). Loaded Objects now: 3537.
Memory consumption went from 120.8 MB to 120.7 MB.
Total: 2.676000 ms (FindLiveObjects: 0.225700 ms CreateObjectMapping: 0.171100 ms MarkObjects: 2.193600 ms  DeleteObjects: 0.085000 ms)

AssetImportParameters requested are different than current active one (requested -> active):
  custom:video-decoder-ogg-theora: a1e56fd34408186e4bbccfd4996cb3dc -> 
  custom:container-muxer-webm: aa71ff27fc2769a1b78a27578f13a17b -> 
  custom:container-demuxer-webm: 4f35f7cbe854078d1ac9338744f61a02 -> 
  custom:video-encoder-webm-vp8: eb34c28f22e8b96e1ab97ce403110664 -> 
  custom:audio-encoder-webm-vorbis: bf7c407c2cedff20999df2af8eb42d56 -> 
  custom:framework-win-MediaFoundation: 216162199b28c13a410421893ffa2e32 -> 
  custom:container-demuxer-ogg: 62fdf1f143b41e24485cea50d1cbac27 -> 
  custom:video-decoder-webm-vp8: 9c59270c3fd7afecdb556c50c9e8de78 -> 
  custom:audio-decoder-ogg-vorbis: bf7c407c2cedff20999df2af8eb42d56 -> 
========================================================================
Received Import Request.
  Time since last request: 102114.507846 seconds.
  path: Assets/Materials/PlasterFacadeBeige2K Albedo.jpg
  artifactKey: Guid(73c781d4328cc384fbabceb7b6cb8b0b) Importer(815301076,1909f56bfc062723c751e8b465ee728b)
Start importing Assets/Materials/PlasterFacadeBeige2K Albedo.jpg using Guid(73c781d4328cc384fbabceb7b6cb8b0b) Importer(815301076,1909f56bfc062723c751e8b465ee728b)  -> (artifact id: '7851f4c126138941566c8ee3ff5703db') in 0.072085 seconds 
========================================================================
Received Import Request.
  Time since last request: 12.928280 seconds.
  path: Assets/Editor/PlasterFacadeBeige2K Metallic-Smoothness.png
  artifactKey: Guid(8d6b4d70035b9bb40887728000096815) Importer(815301076,1909f56bfc062723c751e8b465ee728b)
Start importing Assets/Editor/PlasterFacadeBeige2K Metallic-Smoothness.png using Guid(8d6b4d70035b9bb40887728000096815) Importer(815301076,1909f56bfc062723c751e8b465ee728b)  -> (artifact id: 'dd80487bb31a563d19ec6e19971c7019') in 0.012795 seconds 
========================================================================
Received Import Request.
  Time since last request: 0.000024 seconds.
  path: Assets/Editor/PlasterFacadeBeige2K Smoothness.jpg
  artifactKey: Guid(4a4fb29c4e4543046889df9bb57aa100) Importer(815301076,1909f56bfc062723c751e8b465ee728b)
Start importing Assets/Editor/PlasterFacadeBeige2K Smoothness.jpg using Guid(4a4fb29c4e4543046889df9bb57aa100) Importer(815301076,1909f56bfc062723c751e8b465ee728b)  -> (artifact id: '69e6296b6a6cc1c3db0a9f6edab77c28') in 0.029238 seconds 
========================================================================
Received Import Request.
  Time since last request: 123.059178 seconds.
  path: Assets/Editor/PlasterFacadeBeige2K Roughness.jpg
  artifactKey: Guid(6b45158110e7b7a4ba9a9792861cb5ee) Importer(815301076,1909f56bfc062723c751e8b465ee728b)
Start importing Assets/Editor/PlasterFacadeBeige2K Roughness.jpg using Guid(6b45158110e7b7a4ba9a9792861cb5ee) Importer(815301076,1909f56bfc062723c751e8b465ee728b)  -> (artifact id: '88a159db27c8414b5510814e26d13542') in 0.008225 seconds 
========================================================================
Received Import Request.
  Time since last request: 43.220325 seconds.
  path: Assets/Editor/PlasterFacadeBeige2K Metallic-Smoothness.png
  artifactKey: Guid(5be0300425847f443b539ae325c800c5) Importer(815301076,1909f56bfc062723c751e8b465ee728b)
Start importing Assets/Editor/PlasterFacadeBeige2K Metallic-Smoothness.png using Guid(5be0300425847f443b539ae325c800c5) Importer(815301076,1909f56bfc062723c751e8b465ee728b)  -> (artifact id: '719c9251f628bd3a376a255246f3e718') in 0.013130 seconds 
========================================================================
Received Import Request.
  Time since last request: 28.964014 seconds.
  path: Assets/Materials/PlasterBeige2K.mat
  artifactKey: Guid(183ce7f5608a7b24d87ebef46637e897) Importer(815301076,1909f56bfc062723c751e8b465ee728b)
Start importing Assets/Materials/PlasterBeige2K.mat using Guid(183ce7f5608a7b24d87ebef46637e897) Importer(815301076,1909f56bfc062723c751e8b465ee728b)  -> (artifact id: 'e4cc46335eae86dc72318c69fe43b832') in 0.068822 seconds 
========================================================================
Received Import Request.
  Time since last request: 115.972289 seconds.
  path: Packages/com.unity.collab-proxy/Editor/PlasticSCM/Assets/Images/ok.png
  artifactKey: Guid(3238dca1e9ea9fb4aa64b28298ba6dbd) Importer(815301076,1909f56bfc062723c751e8b465ee728b)
Start importing Packages/com.unity.collab-proxy/Editor/PlasticSCM/Assets/Images/ok.png using Guid(3238dca1e9ea9fb4aa64b28298ba6dbd) Importer(815301076,1909f56bfc062723c751e8b465ee728b)  -> (artifact id: '65086ad093fe7066fc2b4d3368becd5d') in 0.009705 seconds 
========================================================================
Received Import Request.
  Time since last request: 0.000030 seconds.
  path: Assets/Materials/RoadS/RoadIntersect_Normal.png
  artifactKey: Guid(64259cf4002c2d746b10fc3cca01493d) Importer(815301076,1909f56bfc062723c751e8b465ee728b)
Start importing Assets/Materials/RoadS/RoadIntersect_Normal.png using Guid(64259cf4002c2d746b10fc3cca01493d) Importer(815301076,1909f56bfc062723c751e8b465ee728b)  -> (artifact id: '3cd7aa4b7f8aaf6ede6ffc334a91eeaa') in 0.016878 seconds 
========================================================================
Received Import Request.
  Time since last request: 0.000017 seconds.
  path: Assets/Materials/RoadS/RoadIntersect.png
  artifactKey: Guid(a2e017847153b584191a402248c289c2) Importer(815301076,1909f56bfc062723c751e8b465ee728b)
Start importing Assets/Materials/RoadS/RoadIntersect.png using Guid(a2e017847153b584191a402248c289c2) Importer(815301076,1909f56bfc062723c751e8b465ee728b)  -> (artifact id: 'a67d407986c17f605435e42139f38559') in 0.017416 seconds 
========================================================================
Received Import Request.
  Time since last request: 84.541359 seconds.
  path: Assets/Materials/PlasterFacadeBeige2K Normal.jpg
  artifactKey: Guid(9b1ec3363e7e74b4b8fec8f7a7ecb655) Importer(815301076,1909f56bfc062723c751e8b465ee728b)
Start importing Assets/Materials/PlasterFacadeBeige2K Normal.jpg using Guid(9b1ec3363e7e74b4b8fec8f7a7ecb655) Importer(815301076,1909f56bfc062723c751e8b465ee728b)  -> (artifact id: 'f274d63c1c2751d6ecb4ef255a5355ac') in 0.008875 seconds 
========================================================================
Received Import Request.
  Time since last request: 40.925814 seconds.
  path: Assets/Prefabs/Block00.prefab
  artifactKey: Guid(d0c7fd89e9c5a9148869da60a75f30e6) Importer(815301076,1909f56bfc062723c751e8b465ee728b)
Start importing Assets/Prefabs/Block00.prefab using Guid(d0c7fd89e9c5a9148869da60a75f30e6) Importer(815301076,1909f56bfc062723c751e8b465ee728b)  -> (artifact id: 'a717c9c1ab745e7fb5d90ee4cf9122f1') in 0.045697 seconds 
========================================================================
Received Import Request.
  Time since last request: 0.000020 seconds.
  path: Assets/Prefabs/Block05.prefab
  artifactKey: Guid(a0960b786d488bf43b10c1458329f097) Importer(815301076,1909f56bfc062723c751e8b465ee728b)
Start importing Assets/Prefabs/Block05.prefab using Guid(a0960b786d488bf43b10c1458329f097) Importer(815301076,1909f56bfc062723c751e8b465ee728b)  -> (artifact id: '196c3ab3570ea87e0e6bcb23919ef728') in 0.025581 seconds 
========================================================================
Received Import Request.
  Time since last request: 0.000030 seconds.
  path: Assets/Prefabs/Block02.prefab
  artifactKey: Guid(2acceb050a661794b81ff686fc5df79f) Importer(815301076,1909f56bfc062723c751e8b465ee728b)
Start importing Assets/Prefabs/Block02.prefab using Guid(2acceb050a661794b81ff686fc5df79f) Importer(815301076,1909f56bfc062723c751e8b465ee728b)  -> (artifact id: '40f323795df4ff6719f876ee99870a56') in 0.028254 seconds 
========================================================================
Received Import Request.
  Time since last request: 0.000022 seconds.
  path: Assets/Prefabs/Road.prefab
  artifactKey: Guid(4e375f0103b52564aab24819b604a835) Importer(815301076,1909f56bfc062723c751e8b465ee728b)
Start importing Assets/Prefabs/Road.prefab using Guid(4e375f0103b52564aab24819b604a835) Importer(815301076,1909f56bfc062723c751e8b465ee728b)  -> (artifact id: 'c4a0922a09f2fd6b78d908c18b4f9baa') in 0.024589 seconds 
========================================================================
Received Import Request.
  Time since last request: 0.000021 seconds.
  path: Assets/Prefabs/Block04.prefab
  artifactKey: Guid(ca57f293216ba2d4c8aede0230f66a47) Importer(815301076,1909f56bfc062723c751e8b465ee728b)
Start importing Assets/Prefabs/Block04.prefab using Guid(ca57f293216ba2d4c8aede0230f66a47) Importer(815301076,1909f56bfc062723c751e8b465ee728b)  -> (artifact id: '3a8b97b46cddb74021773ce11fb2b436') in 0.017988 seconds 
========================================================================
Received Import Request.
  Time since last request: 0.000039 seconds.
  path: Assets/Prefabs/Block03.prefab
  artifactKey: Guid(8b46110caed814d42b0e69d4a5773ec7) Importer(815301076,1909f56bfc062723c751e8b465ee728b)
Start importing Assets/Prefabs/Block03.prefab using Guid(8b46110caed814d42b0e69d4a5773ec7) Importer(815301076,1909f56bfc062723c751e8b465ee728b)  -> (artifact id: 'a551c7fe029e4048a8c78aaaa64f5419') in 0.019224 seconds 
========================================================================
Received Import Request.
  Time since last request: 2.228747 seconds.
  path: Assets/Prefabs/Buildings/BCC30/BCC30_F06_01.prefab
  artifactKey: Guid(48159c88920bf1b4a8f21733ab1e4184) Importer(815301076,1909f56bfc062723c751e8b465ee728b)
Start importing Assets/Prefabs/Buildings/BCC30/BCC30_F06_01.prefab using Guid(48159c88920bf1b4a8f21733ab1e4184) Importer(815301076,1909f56bfc062723c751e8b465ee728b)  -> (artifact id: 'b284553dcc6b5db18118e8a12833b05a') in 0.020602 seconds 
========================================================================
Received Import Request.
  Time since last request: 0.000019 seconds.
  path: Assets/Prefabs/Buildings/BCC30/BCC30_F07_01.prefab
  artifactKey: Guid(49e10863a081ec34da76b695c0ebf10c) Importer(815301076,1909f56bfc062723c751e8b465ee728b)
Start importing Assets/Prefabs/Buildings/BCC30/BCC30_F07_01.prefab using Guid(49e10863a081ec34da76b695c0ebf10c) Importer(815301076,1909f56bfc062723c751e8b465ee728b)  -> (artifact id: '8da6d8675279358d1f7654152f834dee') in 0.018914 seconds 
Editor requested this worker to shutdown with reason: Scaling down because of idle timeout
AssetImportWorker is now disconnected from the server
Process exiting
Exiting without the bug reporter. Application will terminate with return code 0